    1  docker stop centos7
    2  ls
    3  ls /
    4  ls /user
    5  ls /usr
    6  ls /
    7  pwe
    8  pwd
    9  cd /root
   10  psd
   11  pwd
   12  mkdir home
   13  ls
   14  rm home
   15  ls
   16  pwd
   17  cd /home
   18  pwd
   19  ls
   20  cd ~
   21  ls
   22  ls /
   23  ccd /home
   24  cd /home
   25  pwd
   26  mkdir test1
   27  pwd
   28  ls /home
   29  cd /home
   30  pwd
   31  medir -p test2/test3
   32  mkdir -p test2/test3
   33  ls test2
   34  touch test1/index.php
   35  ls /test1
   36  ls test1
   37  cd /home/test1 && ls
   38  pwd
   39  cp index.php copy.php
   40  ls
   41  cd /home
   42  pwd
   43  cp -r test1 test4
   44  ls
   45  cd /home
   46  pwd
   47  mv test2/test3 test3
   48  ls
   49  ls /home
   50  cd /home
   51  mv test4 test1_copy
   52  ls
   53  ls test1
   54  rm test1/copy.php
   55  ls test1
   56  cd /home
   57  rm -r test3
   58  ls
   59  ls test1_copy
   60  rm test1_copy/*.php
   61  ls test1_copy
   62  ls /home
   63  ls test1
   64  cd /home
   65  pwd
   66  echo '#Hello World' > README.md
   67  cat README.md
   68  pwd
   69  echo 'Linux Practice' >> README.md
   70  echo '--------------' >> README.md
   71  cat README.md
   72  vi README.md
   73  :set enc?
   74  cd ~
   75  pwd
   76  cd /
   77  pwd
   78  ls
   79  :set ecc?
   80  :set enc?
   81  :set enc?
   82  :set encoding=utf-8
   83  cd /home
   84  ls
   85  vi README.md
   86  cat README.md
   87  cd /root
   88  mkdir server_lesson && cd server_lesson
   89  pwd
   90  yum update -y && yum -y install git
   91  git version
   92  pwd
   93  git init
   94  pwd
   95  touch first.text
   96  ls
   97  cd /server_lesson
   98  cd /root
   99  cd /root/server_lesson
  100  pwd
  101  mkdir -p linux_practice1/public
  102  ls
  103  cd /linux_prctice1
  104  cd linux_prctice1
  105  cd /linux_practice1/public
  106  pwd
  107  cd /linux_practice1
  108  cd /server_lesson
  109  cd /root/server_lesson
  110  ls
  111  cd /root
  112  ls
  113  pwd
  114  cd /server_lesson
  115  cd /root/server_lesson
  116  cd /linux_practice1
  117  cd linux_practice1
  118  ls
  119  cd piblic
  120  cd public
  121  ls
  122  touch index.php
  123  ls
  124  pwd
  125  cp index.php index_bk.php
  126  ls
  127  c
  128  cd /server_lesson/linux_practice1
  129  cd /root/server_lesson
  130  ls
  131  cd linux_prctice1
  132  cd linux_practice1
  133  ls
  134  cp -r public tmp
  135  ls
  136  rm server_lesson/linux_practice1/tmp/index_bk.php
  137  cd server_lesson/linux_practice1/tmp
  138  cd tmp
  139  ls
  140  rm index_bk.php
  141  ls
  142  cd /root/server_lesson
  143  ls
  144  touch README.md
  145  ls
  146  vi README.md
  147  cat README.md
  148  ls
  149  mkdir linux_practice2/documents
  150  mkdir -p linux_practice2/documents
  151  ls
  152  cd linux_practice2
  153  ls
  154  cd documents
  155  ls
  156  pwd
  157  touch gizumo{01..50}.md
  158  ls
  159  cd /linux_practice2
  160  cd linux_practice2
  161  cd /server_lesson/linux_practice2
  162  cd ..
  163  ls
  164  mkdir trash
  165  ls
  166  mv gizumo{20..40}.md trash
  167  cd documents
  168  ls
  169  mv gizumo{20..40}.md trash
  170  cd ..
  171  ls
  172  mvã gizumo{20..40}.md trash
  173  cd documents
  174  ls
  175  mv gizumo{20..40}.md /linux_practice2/trash
  176  cd linux_practice2
  177  cd /linux_practice2
  178  cd /server_lesson/linux_practice2
  179  cd /root
  180  ls
  181  cd server_lesson/linux_practice2
  182  ls
  183  mv gizumo{20..40}.md trash
  184  ls
  185  cd documents
  186  mv gizumo{20..40}.md /server_lesson/linux_practice2/trash/.
  187  mv gizumo{20..40}.md server_lesson/linux_practice2/trash
  188  cd server_lesson/linux_practice2
  189  cd /
  190  cd server_lesson/linux_practice2 
  191  cd/server_lesson/linux_practice2 
  192  cd /server_lesson/linux_practice2 
  193  cd /root/server_lesson/linux_practice2 
  194  ls
  195  cd documnets
  196  cd documents
  197  cd -
  198  mv gizumo{20..40}.md trash
  199  mv /documents/gizumo{20..40}.md trash
  200  mv documents/gizumo{20..40}.md trash
  201  ls
  202  cd trash
  203  ls
  204  cd /root
  205  ls
  206  cd server_lesson/linux_practice2
  207  ls
  208  cd trash
  209  ls
  210  cd -
  211  ls
  212  cd documents
  213  ls
  214  cd /root/server_lesson/linux_practice2
  215  ls
  216  touch .gitignore
  217  ls
  218  touch .gitignore
  219  ls
  220  ls -a
  221  rm .gitinore
  222  rm .gitignore
  223  ls -a
  224  ls -la
  225  rm .gitignore
  226  touch .gitignore
  227  ls -la
  228  ls
  229  ls -a
  230  vi .gitignore
  231  cat .gitignore
  232  history 300
  233  history 300 > exec_command.log
  234  ls
  235  ls -a
  236  cd trash
  237  ls
  238  ls -
  239  ls -
  240  ls /root/server_lesson
  241  cd linux_practice2
  242  ls
  243  cd /root/server_lesson
  244  ls
  245  cd linux_practice2
  246  ls
  247  cd .gitignore
  248  vi .gitignore
  249  ls
  250  cd documents
  251  ls
  252  cd /root/server_lesson
  253  cd trash
  254  ls
  255  cd linux_practice2
  256  ls
  257  cd trash
  258  ls
  259   cd /root/server_lesson/linux_practice2
  260  ls
  261  cat .gitignore
  262  vi .gitignore
  263  cat .gitignore
  264  vi .gitignore
  265  cat .gitignore
  266  ls
  267  cd trash
  268  ls
  269  cd /root/server_lesson/linux_practice2
  270  vi .gitignore
  271  ls
  272  cd trash
  273  ls
  274  cd /root/server_lesson/linux_practice2
  275  cat .gitignore
  276  vi .gitignore
  277  cat .gitignore
  278  cd trash
  279  ls
  280  cd /root/server_lesson/linux_practice2
  281  vi.gitignore
  282  vi .gitignore
  283  cat .gitignore
  284  cd trash && ls
  285  cd /root/server_lesson/linux_practice2
  286  ls
  287  cd  exec_command.log && ls
  288  history 300 > exec_command.log
